<?xml version="1.0" encoding="UTF-8"?>
<!-- Generated by org.testng.reporters.JUnitXMLReporter -->
<testsuite ignored="0" hostname="DESKTOP-4V5717K" failures="1" tests="1" name="Command line test" time="0.035" errors="0" timestamp="2022-11-22T00:57:09 PST">
  <testcase classname="TestCases.TC_001AccountRegesterTest" name="test_account" time="0.003">
    <failure type="java.lang.NullPointerException">
      <![CDATA[java.lang.NullPointerException
at TestCases.TC_001AccountRegesterTest.test_account(TC_001AccountRegesterTest.java:16)
at java.base/java.util.ArrayList.forEach(ArrayList.java:1541)
... Removed 37 stack frames]]>
    </failure>
  </testcase> <!-- test_account -->
</testsuite> <!-- Command line test -->
