<?xml version="1.0" encoding="UTF-8"?>
<!-- Generated by org.testng.reporters.JUnitXMLReporter -->
<testsuite ignored="0" hostname="DESKTOP-4V5717K" failures="2" tests="2" name="TestCases" time="0.26" errors="0" timestamp="2022-11-22T00:53:02 PST">
  <testcase classname="TestCases.TC_002_LoginHomePage" name="tc_002_Login" time="0.009">
    <failure type="java.lang.NullPointerException" message="Cannot invoke &amp;quot;org.apache.logging.log4j.Logger.info(String)&amp;quot; because &amp;quot;this.logger&amp;quot; is null">
      <![CDATA[java.lang.NullPointerException: Cannot invoke "org.apache.logging.log4j.Logger.info(String)" because "this.logger" is null
at TestCases.TC_002_LoginHomePage.tc_002_Login(TC_002_LoginHomePage.java:14)
at java.base/java.util.ArrayList.forEach(ArrayList.java:1511)
... Removed 25 stack frames]]>
    </failure>
  </testcase> <!-- tc_002_Login -->
  <testcase classname="TestCases.TC_002_LoginHomePage" name="tc_002_Login" time="0.029">
    <failure type="java.lang.NullPointerException" message="Cannot invoke &amp;quot;org.openqa.selenium.TakesScreenshot.getScreenshotAs(org.openqa.selenium.OutputType)&amp;quot; because &amp;quot;takesScreenshot&amp;quot; is null">
      <![CDATA[java.lang.NullPointerException: Cannot invoke "org.openqa.selenium.TakesScreenshot.getScreenshotAs(org.openqa.selenium.OutputType)" because "takesScreenshot" is null
at TestBase.BaseClassTest.captureScreen(BaseClassTest.java:94)
at utilities.ExtentReportManager.onTestFailure(ExtentReportManager.java:58)
at java.base/java.util.ArrayList.forEach(ArrayList.java:1511)
... Removed 24 stack frames]]>
    </failure>
  </testcase> <!-- tc_002_Login -->
</testsuite> <!-- TestCases -->
