<?xml version="1.0" encoding="UTF-8" ?>
<testsuite tests="1" failures="1" name="TestSuite" time="0.007" errors="0" skipped="0">
  <properties>
[...]
</properties>
  <testcase classname="TestCases.TC_001AccountRegesterTest" name="test_account" time="0.007">
    <failure type="java.lang.NullPointerException">java.lang.NullPointerException
	at TestCases.TC_001AccountRegesterTest.test_account(TC_001AccountRegesterTest.java:16)
</failure>
    <system-out>Configuring TestNG with: org.apache.maven.surefire.testng.conf.TestNG652Configurator@f4168b8
</system-out>
    <system-err>SLF4J: No SLF4J providers were found.
SLF4J: Defaulting to no-operation (NOP) logger implementation
SLF4J: See https://www.slf4j.org/codes.html#noProviders for further details.
</system-err>
  </testcase>
</testsuite>