-------------------------------------------------------------------------------
Test set: TestSuite
-------------------------------------------------------------------------------
Tests run: 1, Failures: 1, Errors: 0, Skipped: 0, Time elapsed: 0.52 sec <<< FAILURE!
test_account(TestCases.TC_001AccountRegesterTest)  Time elapsed: 0.007 sec  <<< FAILURE!
java.lang.NullPointerException
	at TestCases.TC_001AccountRegesterTest.test_account(TC_001AccountRegesterTest.java:16)

